argv:
{ _: [], p: true }
Producer
Init Job.
randomValue: 2
Push in kudo-2
New Job in 5.
Job 2468 in kudo-2 is created with [object Object]
Init Job.
randomValue: 2
Push in kudo-2
New Job in 4.
Job 2475 in kudo-2 is created with [object Object]
Init Job.
randomValue: 1
Push in kudo-1
New Job in 2.
Job 2480 in kudo-1 is created with [object Object]
Init Job.
randomValue: 2
Push in kudo-2
New Job in 1.
Job 2481 in kudo-2 is created with [object Object]
Init Job.
randomValue: 2
Push in kudo-2
New Job in 2.
Job 2483 in kudo-2 is created with [object Object]
Init Job.
randomValue: 1
Push in kudo-1
New Job in 2.
Job 2487 in kudo-1 is created with [object Object]
Init Job.
randomValue: 2
Push in kudo-2
New Job in 5.
Job 2490 in kudo-2 is created with [object Object]
Init Job.
randomValue: 2
Push in kudo-2
New Job in 4.
Job 2495 in kudo-2 is created with [object Object]
Init Job.
randomValue: 1
Push in kudo-1
New Job in 5.
Job 2502 in kudo-1 is created with [object Object]
Init Job.
randomValue: 2
Push in kudo-2
New Job in 5.
Job 2509 in kudo-2 is created with [object Object]
Init Job.
randomValue: 2
Push in kudo-2
New Job in 2.
Job 2517 in kudo-2 is created with [object Object]
Init Job.
randomValue: 2
Push in kudo-2
New Job in 2.
Job 2519 in kudo-2 is created with [object Object]
Init Job.
randomValue: 2
Push in kudo-2
New Job in 5.
Job 2522 in kudo-2 is created with [object Object]
Init Job.
randomValue: 1
Push in kudo-1
New Job in 5.
Job 2528 in kudo-1 is created with [object Object]
Init Job.
randomValue: 2
Push in kudo-2
New Job in 3.
Job 2534 in kudo-2 is created with [object Object]
Init Job.
randomValue: 1
Push in kudo-1
New Job in 1.
Job 2537 in kudo-1 is created with [object Object]
Init Job.
randomValue: 2
Push in kudo-2
New Job in 3.
Job 2540 in kudo-2 is created with [object Object]
Init Job.
randomValue: 2
Push in kudo-2
New Job in 2.
Job 2546 in kudo-2 is created with [object Object]
Init Job.
randomValue: 1
Push in kudo-1
New Job in 2.
Job 2549 in kudo-1 is created with [object Object]
Init Job.
randomValue: 2
Push in kudo-2
New Job in 1.
Job 2552 in kudo-2 is created with [object Object]
Init Job.
randomValue: 2
Push in kudo-2
New Job in 1.
Job 2557 in kudo-2 is created with [object Object]
Init Job.
randomValue: 2
Push in kudo-2
New Job in 5.
Job 2558 in kudo-2 is created with [object Object]
Init Job.
randomValue: 1
Push in kudo-1
New Job in 1.
Job 2564 in kudo-1 is created with [object Object]
Init Job.
randomValue: 2
Push in kudo-2
New Job in 2.
Job 2565 in kudo-2 is created with [object Object]
Init Job.
randomValue: 1
Push in kudo-1
New Job in 1.
Job 2569 in kudo-1 is created with [object Object]
Init Job.
randomValue: 2
Push in kudo-2
New Job in 2.
Job 2577 in kudo-2 is created with [object Object]
Init Job.
randomValue: 1
Push in kudo-1
New Job in 3.
Job 2582 in kudo-1 is created with [object Object]
Init Job.
randomValue: 1
Push in kudo-1
New Job in 5.
Job 2590 in kudo-1 is created with [object Object]
Init Job.
randomValue: 2
Push in kudo-2
New Job in 3.
Job 2599 in kudo-2 is created with [object Object]
Init Job.
randomValue: 1
Push in kudo-1
New Job in 2.
Job 2603 in kudo-1 is created with [object Object]
Init Job.
randomValue: 2
Push in kudo-2
New Job in 3.
Job 2606 in kudo-2 is created with [object Object]
Init Job.
randomValue: 1
Push in kudo-1
New Job in 5.
Job 2613 in kudo-1 is created with [object Object]
Init Job.
randomValue: 1
Push in kudo-1
New Job in 2.
Job 2623 in kudo-1 is created with [object Object]
Init Job.
randomValue: 1
Push in kudo-1
New Job in 5.
Job 2629 in kudo-1 is created with [object Object]
Init Job.
randomValue: 2
Push in kudo-2
New Job in 1.
Job 2637 in kudo-2 is created with [object Object]
Init Job.
randomValue: 2
Push in kudo-2
New Job in 2.
Job 2639 in kudo-2 is created with [object Object]
Init Job.
randomValue: 1
Push in kudo-1
New Job in 1.
Job 2647 in kudo-1 is created with [object Object]
Init Job.
randomValue: 2
Push in kudo-2
New Job in 2.
Job 2649 in kudo-2 is created with [object Object]
Init Job.
randomValue: 2
Push in kudo-2
New Job in 3.
Job 2653 in kudo-2 is created with [object Object]
Init Job.
randomValue: 1
Push in kudo-1
New Job in 3.
Job 2656 in kudo-1 is created with [object Object]
Init Job.
randomValue: 2
Push in kudo-2
New Job in 2.
Job 2662 in kudo-2 is created with [object Object]
Init Job.
randomValue: 2
Push in kudo-2
New Job in 2.
Job 2669 in kudo-2 is created with [object Object]
Init Job.
randomValue: 1
Push in kudo-1
New Job in 2.
Job 2676 in kudo-1 is created with [object Object]
Init Job.
randomValue: 2
Push in kudo-2
New Job in 3.
Job 2681 in kudo-2 is created with [object Object]
Init Job.
randomValue: 2
Push in kudo-2
New Job in 3.
Job 2684 in kudo-2 is created with [object Object]
Init Job.
randomValue: 2
Push in kudo-2
New Job in 5.
Job 2690 in kudo-2 is created with [object Object]
Init Job.
randomValue: 1
Push in kudo-1
New Job in 1.
Job 2696 in kudo-1 is created with [object Object]
Init Job.
randomValue: 1
Push in kudo-1
New Job in 2.
Job 2704 in kudo-1 is created with [object Object]
Init Job.
randomValue: 2
Push in kudo-2
New Job in 4.
Job 2708 in kudo-2 is created with [object Object]
Init Job.
randomValue: 2
Push in kudo-2
New Job in 3.
Job 2713 in kudo-2 is created with [object Object]
Init Job.
randomValue: 2
Push in kudo-2
New Job in 1.
Job 2719 in kudo-2 is created with [object Object]
Init Job.
randomValue: 2
Push in kudo-2
New Job in 3.
Job 2720 in kudo-2 is created with [object Object]
Init Job.
randomValue: 1
Push in kudo-1
New Job in 2.
Job 2724 in kudo-1 is created with [object Object]
Init Job.
randomValue: 1
Push in kudo-1
New Job in 3.
Job 2729 in kudo-1 is created with [object Object]
Init Job.
randomValue: 1
Push in kudo-1
New Job in 4.
Job 2730 in kudo-1 is created with [object Object]
Init Job.
randomValue: 1
Push in kudo-1
New Job in 5.
Job 2733 in kudo-1 is created with [object Object]
Init Job.
randomValue: 1
Push in kudo-1
New Job in 3.
Job 2738 in kudo-1 is created with [object Object]
Init Job.
randomValue: 2
Push in kudo-2
New Job in 1.
Job 2740 in kudo-2 is created with [object Object]
Init Job.
randomValue: 1
Push in kudo-1
New Job in 3.
Job 2742 in kudo-1 is created with [object Object]
Init Job.
randomValue: 1
Push in kudo-1
New Job in 4.
Job 2745 in kudo-1 is created with [object Object]
Init Job.
randomValue: 1
Push in kudo-1
New Job in 5.
Job 2748 in kudo-1 is created with [object Object]
Init Job.
randomValue: 1
Push in kudo-1
New Job in 3.
Job 2752 in kudo-1 is created with [object Object]
Init Job.
randomValue: 1
Push in kudo-1
New Job in 3.
Job 2755 in kudo-1 is created with [object Object]
Init Job.
randomValue: 2
Push in kudo-2
New Job in 4.
Job 2759 in kudo-2 is created with [object Object]
Init Job.
randomValue: 1
Push in kudo-1
New Job in 1.
Job 2761 in kudo-1 is created with [object Object]
Init Job.
randomValue: 2
Push in kudo-2
New Job in 2.
Job 2764 in kudo-2 is created with [object Object]
Init Job.
randomValue: 2
Push in kudo-2
New Job in 1.
Job 2766 in kudo-2 is created with [object Object]
Init Job.
randomValue: 2
Push in kudo-2
New Job in 5.
Job 2767 in kudo-2 is created with [object Object]
Init Job.
randomValue: 2
Push in kudo-2
New Job in 1.
Job 2550 in kudo-2 is created with [object Object]
Init Job.
randomValue: 1
Push in kudo-1
New Job in 1.
Job 2551 in kudo-1 is created with [object Object]
Init Job.
randomValue: 1
Push in kudo-1
New Job in 4.
Job 2554 in kudo-1 is created with [object Object]
Init Job.
randomValue: 2
Push in kudo-2
New Job in 2.
Job 2560 in kudo-2 is created with [object Object]
Init Job.
randomValue: 2
Push in kudo-2
New Job in 3.
Job 2562 in kudo-2 is created with [object Object]
Init Job.
randomValue: 2
Push in kudo-2
New Job in 3.
Job 2567 in kudo-2 is created with [object Object]
Init Job.
randomValue: 2
Push in kudo-2
New Job in 4.
Job 2573 in kudo-2 is created with [object Object]
Init Job.
randomValue: 2
Push in kudo-2
New Job in 2.
Job 2583 in kudo-2 is created with [object Object]
Init Job.
randomValue: 2
Push in kudo-2
New Job in 3.
Job 2588 in kudo-2 is created with [object Object]
Init Job.
randomValue: 2
Push in kudo-2
New Job in 5.
Job 2593 in kudo-2 is created with [object Object]
Init Job.
randomValue: 1
Push in kudo-1
New Job in 1.
Job 2602 in kudo-1 is created with [object Object]
Init Job.
randomValue: 1
Push in kudo-1
New Job in 5.
Job 2604 in kudo-1 is created with [object Object]
Init Job.
randomValue: 2
Push in kudo-2
New Job in 2.
Job 2614 in kudo-2 is created with [object Object]
Init Job.
randomValue: 2
Push in kudo-2
New Job in 3.
Job 2618 in kudo-2 is created with [object Object]
Init Job.
randomValue: 1
Push in kudo-1
New Job in 1.
Job 2624 in kudo-1 is created with [object Object]
Init Job.
randomValue: 1
Push in kudo-1
New Job in 2.
Job 2628 in kudo-1 is created with [object Object]
Init Job.
randomValue: 1
Push in kudo-1
New Job in 3.
Job 2632 in kudo-1 is created with [object Object]
Init Job.
randomValue: 2
Push in kudo-2
New Job in 2.
Job 2636 in kudo-2 is created with [object Object]
Init Job.
randomValue: 1
Push in kudo-1
New Job in 4.
Job 2640 in kudo-1 is created with [object Object]
Init Job.
randomValue: 1
Push in kudo-1
New Job in 2.
Job 2651 in kudo-1 is created with [object Object]
Init Job.
randomValue: 2
Push in kudo-2
New Job in 5.
Job 2654 in kudo-2 is created with [object Object]
Init Job.
randomValue: 2
Push in kudo-2
New Job in 3.
Job 2663 in kudo-2 is created with [object Object]
Init Job.
randomValue: 1
Push in kudo-1
New Job in 5.
Job 2670 in kudo-1 is created with [object Object]
Init Job.
randomValue: 2
Push in kudo-2
New Job in 4.
Job 2679 in kudo-2 is created with [object Object]
Init Job.
randomValue: 2
Push in kudo-2
New Job in 5.
Job 2685 in kudo-2 is created with [object Object]
Init Job.
randomValue: 1
Push in kudo-1
New Job in 2.
Job 2693 in kudo-1 is created with [object Object]
Init Job.
randomValue: 1
Push in kudo-1
New Job in 1.
Job 2694 in kudo-1 is created with [object Object]
Init Job.
randomValue: 2
Push in kudo-2
New Job in 4.
Job 2697 in kudo-2 is created with [object Object]
Init Job.
randomValue: 2
Push in kudo-2
New Job in 4.
Job 2703 in kudo-2 is created with [object Object]
Init Job.
randomValue: 1
Push in kudo-1
New Job in 1.
Job 2709 in kudo-1 is created with [object Object]
Init Job.
randomValue: 2
Push in kudo-2
New Job in 2.
Job 2711 in kudo-2 is created with [object Object]
Init Job.
randomValue: 1
Push in kudo-1
New Job in 4.
Job 2716 in kudo-1 is created with [object Object]
